<?xml version='1.0' encoding='UTF-8'?>
<testsuite hostname="C7266" name="funsets.FunSetSuite" tests="8" errors="0" failures="0" skipped="0" time="0.163" timestamp="2020-09-15T18:34:49">
                     <properties>
[...]
</properties>
                     <testcase classname="funsets.FunSetSuite" name="intersection contains elements present in both sets" time="0.069">
                                                 
                                               </testcase><testcase classname="funsets.FunSetSuite" name="diff contains elements in set A but not set B" time="0.011">
                                                 
                                               </testcase><testcase classname="funsets.FunSetSuite" name="forall returns true if all elements satisfy the condition" time="0.007">
                                                 
                                               </testcase><testcase classname="funsets.FunSetSuite" name="singleton set one contains one" time="0.003">
                                                 
                                               </testcase><testcase classname="funsets.FunSetSuite" name="exists returns true if at least one element satisfies the condition" time="0.007">
                                                 
                                               </testcase><testcase classname="funsets.FunSetSuite" name="union contains all elements of each set" time="0.005">
                                                 
                                               </testcase><testcase classname="funsets.FunSetSuite" name="map maps given set as given function implies" time="0.06">
                                                 
                                               </testcase><testcase classname="funsets.FunSetSuite" name="contains is implemented" time="0.001">
                                                 
                                               </testcase>
                     <system-out><![CDATA[]]></system-out>
                     <system-err><![CDATA[]]></system-err>
                   </testsuite>